# vsim -vopt -voptargs="+acc" -c -do "log -r /* ; run -all; quit" d1_test -work ../sim -l ../sim/simulation.log -wlf ../sim/waveform.wlf 
# Start time: 16:51:17 on Apr 08,2025
# ** Note: (vsim-8009) Loading existing optimized design _opt
# //  Questa Sim-64
# //  Version 2021.2_1 linux_x86_64 May 15 2021
# //
# //  Copyright 1991-2021 Mentor Graphics Corporation
# //  All Rights Reserved.
# //
# //  QuestaSim and its associated documentation contain trade
# //  secrets and commercial or financial information that are the property of
# //  Mentor Graphics Corporation and are privileged, confidential,
# //  and exempt from disclosure under the Freedom of Information Act,
# //  5 U.S.C. Section 552. Furthermore, this information
# //  is prohibited from disclosure under the Trade Secrets Act,
# //  18 U.S.C. Section 1905.
# //
# Loading work.d1_test(fast)
# Loading work.d1_design(fast)
# log -r /* 
#  run -all
# a_i = 00000000, b_i = 0, sel_i = 0, y_o = 0,time = 0
# a_i = 00111101, b_i = 10111101, sel_i = 0, y_o = 111101,time = 5
# a_i = 00111101, b_i = 10111101, sel_i = 1, y_o = 10111101,time = 10
# ** Note: $finish    : ../src/d1_test.v(25)
#    Time: 15 ns  Iteration: 0  Instance: /d1_test
# End time: 16:51:17 on Apr 08,2025, Elapsed time: 0:00:00
# Errors: 0, Warnings: 0
